<?xml version="1.0" encoding="UTF-8"?>
<!-- Generated by org.testng.reporters.JUnitReportReporter -->
<testsuite hostname="Anuradha-Dell" failures="0" tests="1" name="SeleniumTestNGWithMaven.SeleniumTestNG.TestCase1" time="3.299" errors="0" timestamp="2023-07-08T17:14:26 PDT" skipped="0">
  <testcase classname="SeleniumTestNGWithMaven.SeleniumTestNG.TestCase1" name="Testcase1" time="3.299"/>
</testsuite> <!-- SeleniumTestNGWithMaven.SeleniumTestNG.TestCase1 -->
