<?xml version="1.0" encoding="UTF-8"?>
<!-- Generated by org.testng.reporters.JUnitReportReporter -->
<testsuite hostname="Anuradha-Dell" failures="0" tests="1" name="SeleniumTestNGWithMaven.SeleniumTestNG.AppTest" time="0.002" errors="0" timestamp="2023-07-08T17:14:26 PDT" skipped="0">
  <testcase classname="SeleniumTestNGWithMaven.SeleniumTestNG.AppTest" name="shouldAnswerWithTrue" time="0.002"/>
</testsuite> <!-- SeleniumTestNGWithMaven.SeleniumTestNG.AppTest -->
