<?xml version="1.0" encoding="UTF-8"?>
<!-- Generated by org.testng.reporters.JUnitReportReporter -->
<testsuite hostname="Anuradha-Dell" failures="0" tests="4" name="SeleniumTestNGWithMaven.SeleniumTestNG.TestCase2" time="46.899" errors="0" timestamp="2023-07-08T20:29:14 PDT" skipped="0">
  <testcase classname="SeleniumTestNGWithMaven.SeleniumTestNG.TestCase2" name="clickBestsellers" time="12.111"/>
  <testcase classname="SeleniumTestNGWithMaven.SeleniumTestNG.TestCase2" name="pageTitleCompare" time="9.645"/>
  <testcase classname="SeleniumTestNGWithMaven.SeleniumTestNG.TestCase2" name="clickNewReleases" time="10.502"/>
  <testcase classname="SeleniumTestNGWithMaven.SeleniumTestNG.TestCase2" name="navigateBack" time="14.641"/>
</testsuite> <!-- SeleniumTestNGWithMaven.SeleniumTestNG.TestCase2 -->
